CRITICAL - 2023-07-10 02:17:27 --> Undefined array key "login"
in APPPATH\Controllers\ValidaLogin.php on line 20.
 1 APPPATH\Controllers\ValidaLogin.php(20): CodeIgniter\Debug\Exceptions->errorHandler(2, 'Undefined array key "login"', 'C:\\xampp\\htdocs\\twitter\\rede_social-CodeIgniter\\app\\Controllers\\ValidaLogin.php', 20)
 2 SYSTEMPATH\CodeIgniter.php(932): App\Controllers\ValidaLogin->index()
 3 SYSTEMPATH\CodeIgniter.php(497): CodeIgniter\CodeIgniter->runController(Object(App\Controllers\ValidaLogin))
 4 SYSTEMPATH\CodeIgniter.php(366): CodeIgniter\CodeIgniter->handleRequest(null, Object(Config\Cache), false)
 5 FCPATH\index.php(67): CodeIgniter\CodeIgniter->run()
CRITICAL - 2023-07-10 15:49:23 --> Undefined variable $resultado
in APPPATH\Views\home.php on line 31.
 1 APPPATH\Views\home.php(31): CodeIgniter\Debug\Exceptions->errorHandler(2, 'Undefined variable $resultado', 'C:\\xampp\\htdocs\\twitter\\rede_social-CodeIgniter\\app\\Views\\home.php', 31)
 2 SYSTEMPATH\View\View.php(224): include('C:\\xampp\\htdocs\\twitter\\rede_social-CodeIgniter\\app\\Views\\home.php')
 3 SYSTEMPATH\View\View.php(227): CodeIgniter\View\View->CodeIgniter\View\{closure}()
 4 SYSTEMPATH\Common.php(1180): CodeIgniter\View\View->render('home', [], true)
 5 APPPATH\Controllers\SocialMedia.php(19): view('home', [...])
 6 SYSTEMPATH\CodeIgniter.php(932): App\Controllers\SocialMedia->index()
 7 SYSTEMPATH\CodeIgniter.php(497): CodeIgniter\CodeIgniter->runController(Object(App\Controllers\SocialMedia))
 8 SYSTEMPATH\CodeIgniter.php(366): CodeIgniter\CodeIgniter->handleRequest(null, Object(Config\Cache), false)
 9 FCPATH\index.php(67): CodeIgniter\CodeIgniter->run()
CRITICAL - 2023-07-10 15:49:30 --> Undefined variable $resultado
in APPPATH\Views\home.php on line 31.
 1 APPPATH\Views\home.php(31): CodeIgniter\Debug\Exceptions->errorHandler(2, 'Undefined variable $resultado', 'C:\\xampp\\htdocs\\twitter\\rede_social-CodeIgniter\\app\\Views\\home.php', 31)
 2 SYSTEMPATH\View\View.php(224): include('C:\\xampp\\htdocs\\twitter\\rede_social-CodeIgniter\\app\\Views\\home.php')
 3 SYSTEMPATH\View\View.php(227): CodeIgniter\View\View->CodeIgniter\View\{closure}()
 4 SYSTEMPATH\Common.php(1180): CodeIgniter\View\View->render('home', [], true)
 5 APPPATH\Controllers\SocialMedia.php(19): view('home', [...])
 6 SYSTEMPATH\CodeIgniter.php(932): App\Controllers\SocialMedia->index()
 7 SYSTEMPATH\CodeIgniter.php(497): CodeIgniter\CodeIgniter->runController(Object(App\Controllers\SocialMedia))
 8 SYSTEMPATH\CodeIgniter.php(366): CodeIgniter\CodeIgniter->handleRequest(null, Object(Config\Cache), false)
 9 FCPATH\index.php(67): CodeIgniter\CodeIgniter->run()
CRITICAL - 2023-07-10 15:50:51 --> Undefined variable $resultado
in APPPATH\Views\home.php on line 31.
 1 APPPATH\Views\home.php(31): CodeIgniter\Debug\Exceptions->errorHandler(2, 'Undefined variable $resultado', 'C:\\xampp\\htdocs\\twitter\\rede_social-CodeIgniter\\app\\Views\\home.php', 31)
 2 SYSTEMPATH\View\View.php(224): include('C:\\xampp\\htdocs\\twitter\\rede_social-CodeIgniter\\app\\Views\\home.php')
 3 SYSTEMPATH\View\View.php(227): CodeIgniter\View\View->CodeIgniter\View\{closure}()
 4 SYSTEMPATH\Common.php(1180): CodeIgniter\View\View->render('home', [], true)
 5 APPPATH\Controllers\SocialMedia.php(19): view('home', [...])
 6 SYSTEMPATH\CodeIgniter.php(932): App\Controllers\SocialMedia->index()
 7 SYSTEMPATH\CodeIgniter.php(497): CodeIgniter\CodeIgniter->runController(Object(App\Controllers\SocialMedia))
 8 SYSTEMPATH\CodeIgniter.php(366): CodeIgniter\CodeIgniter->handleRequest(null, Object(Config\Cache), false)
 9 FCPATH\index.php(67): CodeIgniter\CodeIgniter->run()
CRITICAL - 2023-07-10 15:50:52 --> Undefined variable $resultado
in APPPATH\Views\home.php on line 31.
 1 APPPATH\Views\home.php(31): CodeIgniter\Debug\Exceptions->errorHandler(2, 'Undefined variable $resultado', 'C:\\xampp\\htdocs\\twitter\\rede_social-CodeIgniter\\app\\Views\\home.php', 31)
 2 SYSTEMPATH\View\View.php(224): include('C:\\xampp\\htdocs\\twitter\\rede_social-CodeIgniter\\app\\Views\\home.php')
 3 SYSTEMPATH\View\View.php(227): CodeIgniter\View\View->CodeIgniter\View\{closure}()
 4 SYSTEMPATH\Common.php(1180): CodeIgniter\View\View->render('home', [], true)
 5 APPPATH\Controllers\SocialMedia.php(19): view('home', [...])
 6 SYSTEMPATH\CodeIgniter.php(932): App\Controllers\SocialMedia->index()
 7 SYSTEMPATH\CodeIgniter.php(497): CodeIgniter\CodeIgniter->runController(Object(App\Controllers\SocialMedia))
 8 SYSTEMPATH\CodeIgniter.php(366): CodeIgniter\CodeIgniter->handleRequest(null, Object(Config\Cache), false)
 9 FCPATH\index.php(67): CodeIgniter\CodeIgniter->run()
CRITICAL - 2023-07-10 15:50:54 --> Undefined variable $resultado
in APPPATH\Views\home.php on line 31.
 1 APPPATH\Views\home.php(31): CodeIgniter\Debug\Exceptions->errorHandler(2, 'Undefined variable $resultado', 'C:\\xampp\\htdocs\\twitter\\rede_social-CodeIgniter\\app\\Views\\home.php', 31)
 2 SYSTEMPATH\View\View.php(224): include('C:\\xampp\\htdocs\\twitter\\rede_social-CodeIgniter\\app\\Views\\home.php')
 3 SYSTEMPATH\View\View.php(227): CodeIgniter\View\View->CodeIgniter\View\{closure}()
 4 SYSTEMPATH\Common.php(1180): CodeIgniter\View\View->render('home', [], true)
 5 APPPATH\Controllers\SocialMedia.php(19): view('home', [...])
 6 SYSTEMPATH\CodeIgniter.php(932): App\Controllers\SocialMedia->index()
 7 SYSTEMPATH\CodeIgniter.php(497): CodeIgniter\CodeIgniter->runController(Object(App\Controllers\SocialMedia))
 8 SYSTEMPATH\CodeIgniter.php(366): CodeIgniter\CodeIgniter->handleRequest(null, Object(Config\Cache), false)
 9 FCPATH\index.php(67): CodeIgniter\CodeIgniter->run()
CRITICAL - 2023-07-10 15:50:55 --> Undefined variable $resultado
in APPPATH\Views\home.php on line 31.
 1 APPPATH\Views\home.php(31): CodeIgniter\Debug\Exceptions->errorHandler(2, 'Undefined variable $resultado', 'C:\\xampp\\htdocs\\twitter\\rede_social-CodeIgniter\\app\\Views\\home.php', 31)
 2 SYSTEMPATH\View\View.php(224): include('C:\\xampp\\htdocs\\twitter\\rede_social-CodeIgniter\\app\\Views\\home.php')
 3 SYSTEMPATH\View\View.php(227): CodeIgniter\View\View->CodeIgniter\View\{closure}()
 4 SYSTEMPATH\Common.php(1180): CodeIgniter\View\View->render('home', [], true)
 5 APPPATH\Controllers\SocialMedia.php(19): view('home', [...])
 6 SYSTEMPATH\CodeIgniter.php(932): App\Controllers\SocialMedia->index()
 7 SYSTEMPATH\CodeIgniter.php(497): CodeIgniter\CodeIgniter->runController(Object(App\Controllers\SocialMedia))
 8 SYSTEMPATH\CodeIgniter.php(366): CodeIgniter\CodeIgniter->handleRequest(null, Object(Config\Cache), false)
 9 FCPATH\index.php(67): CodeIgniter\CodeIgniter->run()
CRITICAL - 2023-07-10 15:52:14 --> Undefined variable $nomeUser
in APPPATH\Views\home.php on line 31.
 1 APPPATH\Views\home.php(31): CodeIgniter\Debug\Exceptions->errorHandler(2, 'Undefined variable $nomeUser', 'C:\\xampp\\htdocs\\twitter\\rede_social-CodeIgniter\\app\\Views\\home.php', 31)
 2 SYSTEMPATH\View\View.php(224): include('C:\\xampp\\htdocs\\twitter\\rede_social-CodeIgniter\\app\\Views\\home.php')
 3 SYSTEMPATH\View\View.php(227): CodeIgniter\View\View->CodeIgniter\View\{closure}()
 4 SYSTEMPATH\Common.php(1180): CodeIgniter\View\View->render('home', [], true)
 5 APPPATH\Controllers\SocialMedia.php(19): view('home', [...])
 6 SYSTEMPATH\CodeIgniter.php(932): App\Controllers\SocialMedia->index()
 7 SYSTEMPATH\CodeIgniter.php(497): CodeIgniter\CodeIgniter->runController(Object(App\Controllers\SocialMedia))
 8 SYSTEMPATH\CodeIgniter.php(366): CodeIgniter\CodeIgniter->handleRequest(null, Object(Config\Cache), false)
 9 FCPATH\index.php(67): CodeIgniter\CodeIgniter->run()
CRITICAL - 2023-07-10 15:52:15 --> Undefined variable $nomeUser
in APPPATH\Views\home.php on line 31.
 1 APPPATH\Views\home.php(31): CodeIgniter\Debug\Exceptions->errorHandler(2, 'Undefined variable $nomeUser', 'C:\\xampp\\htdocs\\twitter\\rede_social-CodeIgniter\\app\\Views\\home.php', 31)
 2 SYSTEMPATH\View\View.php(224): include('C:\\xampp\\htdocs\\twitter\\rede_social-CodeIgniter\\app\\Views\\home.php')
 3 SYSTEMPATH\View\View.php(227): CodeIgniter\View\View->CodeIgniter\View\{closure}()
 4 SYSTEMPATH\Common.php(1180): CodeIgniter\View\View->render('home', [], true)
 5 APPPATH\Controllers\SocialMedia.php(19): view('home', [...])
 6 SYSTEMPATH\CodeIgniter.php(932): App\Controllers\SocialMedia->index()
 7 SYSTEMPATH\CodeIgniter.php(497): CodeIgniter\CodeIgniter->runController(Object(App\Controllers\SocialMedia))
 8 SYSTEMPATH\CodeIgniter.php(366): CodeIgniter\CodeIgniter->handleRequest(null, Object(Config\Cache), false)
 9 FCPATH\index.php(67): CodeIgniter\CodeIgniter->run()
CRITICAL - 2023-07-10 15:52:16 --> Undefined variable $nomeUser
in APPPATH\Views\home.php on line 31.
 1 APPPATH\Views\home.php(31): CodeIgniter\Debug\Exceptions->errorHandler(2, 'Undefined variable $nomeUser', 'C:\\xampp\\htdocs\\twitter\\rede_social-CodeIgniter\\app\\Views\\home.php', 31)
 2 SYSTEMPATH\View\View.php(224): include('C:\\xampp\\htdocs\\twitter\\rede_social-CodeIgniter\\app\\Views\\home.php')
 3 SYSTEMPATH\View\View.php(227): CodeIgniter\View\View->CodeIgniter\View\{closure}()
 4 SYSTEMPATH\Common.php(1180): CodeIgniter\View\View->render('home', [], true)
 5 APPPATH\Controllers\SocialMedia.php(19): view('home', [...])
 6 SYSTEMPATH\CodeIgniter.php(932): App\Controllers\SocialMedia->index()
 7 SYSTEMPATH\CodeIgniter.php(497): CodeIgniter\CodeIgniter->runController(Object(App\Controllers\SocialMedia))
 8 SYSTEMPATH\CodeIgniter.php(366): CodeIgniter\CodeIgniter->handleRequest(null, Object(Config\Cache), false)
 9 FCPATH\index.php(67): CodeIgniter\CodeIgniter->run()
CRITICAL - 2023-07-10 15:56:34 --> Undefined variable $nomeUser
in APPPATH\Views\home.php on line 31.
 1 APPPATH\Views\home.php(31): CodeIgniter\Debug\Exceptions->errorHandler(2, 'Undefined variable $nomeUser', 'C:\\xampp\\htdocs\\twitter\\rede_social-CodeIgniter\\app\\Views\\home.php', 31)
 2 SYSTEMPATH\View\View.php(224): include('C:\\xampp\\htdocs\\twitter\\rede_social-CodeIgniter\\app\\Views\\home.php')
 3 SYSTEMPATH\View\View.php(227): CodeIgniter\View\View->CodeIgniter\View\{closure}()
 4 SYSTEMPATH\Common.php(1180): CodeIgniter\View\View->render('home', [], true)
 5 APPPATH\Controllers\SocialMedia.php(19): view('home', [...])
 6 SYSTEMPATH\CodeIgniter.php(932): App\Controllers\SocialMedia->index()
 7 SYSTEMPATH\CodeIgniter.php(497): CodeIgniter\CodeIgniter->runController(Object(App\Controllers\SocialMedia))
 8 SYSTEMPATH\CodeIgniter.php(366): CodeIgniter\CodeIgniter->handleRequest(null, Object(Config\Cache), false)
 9 FCPATH\index.php(67): CodeIgniter\CodeIgniter->run()
CRITICAL - 2023-07-10 15:56:44 --> Undefined variable $nomeUser
in APPPATH\Views\home.php on line 31.
 1 APPPATH\Views\home.php(31): CodeIgniter\Debug\Exceptions->errorHandler(2, 'Undefined variable $nomeUser', 'C:\\xampp\\htdocs\\twitter\\rede_social-CodeIgniter\\app\\Views\\home.php', 31)
 2 SYSTEMPATH\View\View.php(224): include('C:\\xampp\\htdocs\\twitter\\rede_social-CodeIgniter\\app\\Views\\home.php')
 3 SYSTEMPATH\View\View.php(227): CodeIgniter\View\View->CodeIgniter\View\{closure}()
 4 SYSTEMPATH\Common.php(1180): CodeIgniter\View\View->render('home', [], true)
 5 APPPATH\Controllers\ValidaLogin.php(36): view('home', [...])
 6 SYSTEMPATH\CodeIgniter.php(932): App\Controllers\ValidaLogin->index()
 7 SYSTEMPATH\CodeIgniter.php(497): CodeIgniter\CodeIgniter->runController(Object(App\Controllers\ValidaLogin))
 8 SYSTEMPATH\CodeIgniter.php(366): CodeIgniter\CodeIgniter->handleRequest(null, Object(Config\Cache), false)
 9 FCPATH\index.php(67): CodeIgniter\CodeIgniter->run()
