CRITICAL - 2023-07-08 03:40:24 --> Undefined array key "login"
in APPPATH\Controllers\ValidaLogin.php on line 20.
 1 APPPATH\Controllers\ValidaLogin.php(20): CodeIgniter\Debug\Exceptions->errorHandler(2, 'Undefined array key "login"', 'C:\\xampp\\htdocs\\atv_Avaliativa_Final\\CodeIgniter\\app\\Controllers\\ValidaLogin.php', 20)
 2 SYSTEMPATH\CodeIgniter.php(932): App\Controllers\ValidaLogin->index()
 3 SYSTEMPATH\CodeIgniter.php(497): CodeIgniter\CodeIgniter->runController(Object(App\Controllers\ValidaLogin))
 4 SYSTEMPATH\CodeIgniter.php(366): CodeIgniter\CodeIgniter->handleRequest(null, Object(Config\Cache), false)
 5 FCPATH\index.php(67): CodeIgniter\CodeIgniter->run()
CRITICAL - 2023-07-08 03:56:28 --> Call to undefined function link_tag()
in APPPATH\Views\home.php on line 8.
 1 SYSTEMPATH\View\View.php(224): include()
 2 SYSTEMPATH\View\View.php(227): CodeIgniter\View\View->CodeIgniter\View\{closure}()
 3 SYSTEMPATH\Common.php(1180): CodeIgniter\View\View->render('home', [], true)
 4 APPPATH\Controllers\ValidaLogin.php(36): view('home', [...])
 5 SYSTEMPATH\CodeIgniter.php(932): App\Controllers\ValidaLogin->index()
 6 SYSTEMPATH\CodeIgniter.php(497): CodeIgniter\CodeIgniter->runController(Object(App\Controllers\ValidaLogin))
 7 SYSTEMPATH\CodeIgniter.php(366): CodeIgniter\CodeIgniter->handleRequest(null, Object(Config\Cache), false)
 8 FCPATH\index.php(67): CodeIgniter\CodeIgniter->run()
CRITICAL - 2023-07-08 04:11:45 --> Undefined array key "login"
in APPPATH\Controllers\ValidaLogin.php on line 20.
 1 APPPATH\Controllers\ValidaLogin.php(20): CodeIgniter\Debug\Exceptions->errorHandler(2, 'Undefined array key "login"', 'C:\\xampp\\htdocs\\atv_Avaliativa_Final\\CodeIgniter\\app\\Controllers\\ValidaLogin.php', 20)
 2 SYSTEMPATH\CodeIgniter.php(932): App\Controllers\ValidaLogin->index()
 3 SYSTEMPATH\CodeIgniter.php(497): CodeIgniter\CodeIgniter->runController(Object(App\Controllers\ValidaLogin))
 4 SYSTEMPATH\CodeIgniter.php(366): CodeIgniter\CodeIgniter->handleRequest(null, Object(Config\Cache), false)
 5 FCPATH\index.php(67): CodeIgniter\CodeIgniter->run()
CRITICAL - 2023-07-08 04:12:10 --> Undefined array key "login"
in APPPATH\Controllers\ValidaLogin.php on line 20.
 1 APPPATH\Controllers\ValidaLogin.php(20): CodeIgniter\Debug\Exceptions->errorHandler(2, 'Undefined array key "login"', 'C:\\xampp\\htdocs\\atv_Avaliativa_Final\\CodeIgniter\\app\\Controllers\\ValidaLogin.php', 20)
 2 SYSTEMPATH\CodeIgniter.php(932): App\Controllers\ValidaLogin->index()
 3 SYSTEMPATH\CodeIgniter.php(497): CodeIgniter\CodeIgniter->runController(Object(App\Controllers\ValidaLogin))
 4 SYSTEMPATH\CodeIgniter.php(366): CodeIgniter\CodeIgniter->handleRequest(null, Object(Config\Cache), false)
 5 FCPATH\index.php(67): CodeIgniter\CodeIgniter->run()
CRITICAL - 2023-07-08 04:12:45 --> Undefined array key "login"
in APPPATH\Controllers\ValidaLogin.php on line 20.
 1 APPPATH\Controllers\ValidaLogin.php(20): CodeIgniter\Debug\Exceptions->errorHandler(2, 'Undefined array key "login"', 'C:\\xampp\\htdocs\\atv_Avaliativa_Final\\CodeIgniter\\app\\Controllers\\ValidaLogin.php', 20)
 2 SYSTEMPATH\CodeIgniter.php(932): App\Controllers\ValidaLogin->index()
 3 SYSTEMPATH\CodeIgniter.php(497): CodeIgniter\CodeIgniter->runController(Object(App\Controllers\ValidaLogin))
 4 SYSTEMPATH\CodeIgniter.php(366): CodeIgniter\CodeIgniter->handleRequest(null, Object(Config\Cache), false)
 5 FCPATH\index.php(67): CodeIgniter\CodeIgniter->run()
CRITICAL - 2023-07-08 04:12:50 --> Undefined array key "login"
in APPPATH\Controllers\ValidaLogin.php on line 20.
 1 APPPATH\Controllers\ValidaLogin.php(20): CodeIgniter\Debug\Exceptions->errorHandler(2, 'Undefined array key "login"', 'C:\\xampp\\htdocs\\atv_Avaliativa_Final\\CodeIgniter\\app\\Controllers\\ValidaLogin.php', 20)
 2 SYSTEMPATH\CodeIgniter.php(932): App\Controllers\ValidaLogin->index()
 3 SYSTEMPATH\CodeIgniter.php(497): CodeIgniter\CodeIgniter->runController(Object(App\Controllers\ValidaLogin))
 4 SYSTEMPATH\CodeIgniter.php(366): CodeIgniter\CodeIgniter->handleRequest(null, Object(Config\Cache), false)
 5 FCPATH\index.php(67): CodeIgniter\CodeIgniter->run()
CRITICAL - 2023-07-08 04:12:51 --> Undefined array key "login"
in APPPATH\Controllers\ValidaLogin.php on line 20.
 1 APPPATH\Controllers\ValidaLogin.php(20): CodeIgniter\Debug\Exceptions->errorHandler(2, 'Undefined array key "login"', 'C:\\xampp\\htdocs\\atv_Avaliativa_Final\\CodeIgniter\\app\\Controllers\\ValidaLogin.php', 20)
 2 SYSTEMPATH\CodeIgniter.php(932): App\Controllers\ValidaLogin->index()
 3 SYSTEMPATH\CodeIgniter.php(497): CodeIgniter\CodeIgniter->runController(Object(App\Controllers\ValidaLogin))
 4 SYSTEMPATH\CodeIgniter.php(366): CodeIgniter\CodeIgniter->handleRequest(null, Object(Config\Cache), false)
 5 FCPATH\index.php(67): CodeIgniter\CodeIgniter->run()
CRITICAL - 2023-07-08 04:16:19 --> Undefined array key "login"
in APPPATH\Controllers\ValidaLogin.php on line 20.
 1 APPPATH\Controllers\ValidaLogin.php(20): CodeIgniter\Debug\Exceptions->errorHandler(2, 'Undefined array key "login"', 'C:\\xampp\\htdocs\\atv_Avaliativa_Final\\CodeIgniter\\app\\Controllers\\ValidaLogin.php', 20)
 2 SYSTEMPATH\CodeIgniter.php(932): App\Controllers\ValidaLogin->index()
 3 SYSTEMPATH\CodeIgniter.php(497): CodeIgniter\CodeIgniter->runController(Object(App\Controllers\ValidaLogin))
 4 SYSTEMPATH\CodeIgniter.php(366): CodeIgniter\CodeIgniter->handleRequest(null, Object(Config\Cache), false)
 5 FCPATH\index.php(67): CodeIgniter\CodeIgniter->run()
CRITICAL - 2023-07-08 04:19:08 --> Undefined array key "login"
in APPPATH\Controllers\ValidaLogin.php on line 20.
 1 APPPATH\Controllers\ValidaLogin.php(20): CodeIgniter\Debug\Exceptions->errorHandler(2, 'Undefined array key "login"', 'C:\\xampp\\htdocs\\atv_Avaliativa_Final\\CodeIgniter\\app\\Controllers\\ValidaLogin.php', 20)
 2 SYSTEMPATH\CodeIgniter.php(932): App\Controllers\ValidaLogin->index()
 3 SYSTEMPATH\CodeIgniter.php(497): CodeIgniter\CodeIgniter->runController(Object(App\Controllers\ValidaLogin))
 4 SYSTEMPATH\CodeIgniter.php(366): CodeIgniter\CodeIgniter->handleRequest(null, Object(Config\Cache), false)
 5 FCPATH\index.php(67): CodeIgniter\CodeIgniter->run()
CRITICAL - 2023-07-08 04:20:30 --> Undefined variable $dados
in APPPATH\Views\home.php on line 38.
 1 APPPATH\Views\home.php(38): CodeIgniter\Debug\Exceptions->errorHandler(2, 'Undefined variable $dados', 'C:\\xampp\\htdocs\\atv_Avaliativa_Final\\CodeIgniter\\app\\Views\\home.php', 38)
 2 SYSTEMPATH\View\View.php(224): include('C:\\xampp\\htdocs\\atv_Avaliativa_Final\\CodeIgniter\\app\\Views\\home.php')
 3 SYSTEMPATH\View\View.php(227): CodeIgniter\View\View->CodeIgniter\View\{closure}()
 4 SYSTEMPATH\Common.php(1180): CodeIgniter\View\View->render('home', [], true)
 5 APPPATH\Controllers\SocialMedia.php(18): view('home')
 6 SYSTEMPATH\CodeIgniter.php(932): App\Controllers\SocialMedia->index()
 7 SYSTEMPATH\CodeIgniter.php(497): CodeIgniter\CodeIgniter->runController(Object(App\Controllers\SocialMedia))
 8 SYSTEMPATH\CodeIgniter.php(366): CodeIgniter\CodeIgniter->handleRequest(null, Object(Config\Cache), false)
 9 FCPATH\index.php(67): CodeIgniter\CodeIgniter->run()
CRITICAL - 2023-07-08 04:23:36 --> You must set the database table to be used with your query.
in SYSTEMPATH\Database\BaseConnection.php on line 883.
 1 SYSTEMPATH\Model.php(642): CodeIgniter\Database\BaseConnection->table(null)
 2 SYSTEMPATH\Model.php(828): CodeIgniter\Model->builder()
 3 APPPATH\Controllers\SocialMedia.php(18): CodeIgniter\Model->__call('readAll', [])
 4 SYSTEMPATH\CodeIgniter.php(932): App\Controllers\SocialMedia->index()
 5 SYSTEMPATH\CodeIgniter.php(497): CodeIgniter\CodeIgniter->runController(Object(App\Controllers\SocialMedia))
 6 SYSTEMPATH\CodeIgniter.php(366): CodeIgniter\CodeIgniter->handleRequest(null, Object(Config\Cache), false)
 7 FCPATH\index.php(67): CodeIgniter\CodeIgniter->run()
CRITICAL - 2023-07-08 04:23:38 --> You must set the database table to be used with your query.
in SYSTEMPATH\Database\BaseConnection.php on line 883.
 1 SYSTEMPATH\Model.php(642): CodeIgniter\Database\BaseConnection->table(null)
 2 SYSTEMPATH\Model.php(828): CodeIgniter\Model->builder()
 3 APPPATH\Controllers\SocialMedia.php(18): CodeIgniter\Model->__call('readAll', [])
 4 SYSTEMPATH\CodeIgniter.php(932): App\Controllers\SocialMedia->index()
 5 SYSTEMPATH\CodeIgniter.php(497): CodeIgniter\CodeIgniter->runController(Object(App\Controllers\SocialMedia))
 6 SYSTEMPATH\CodeIgniter.php(366): CodeIgniter\CodeIgniter->handleRequest(null, Object(Config\Cache), false)
 7 FCPATH\index.php(67): CodeIgniter\CodeIgniter->run()
CRITICAL - 2023-07-08 04:25:18 --> You must set the database table to be used with your query.
in SYSTEMPATH\Database\BaseConnection.php on line 883.
 1 SYSTEMPATH\Model.php(642): CodeIgniter\Database\BaseConnection->table(null)
 2 SYSTEMPATH\Model.php(828): CodeIgniter\Model->builder()
 3 APPPATH\Controllers\SocialMedia.php(18): CodeIgniter\Model->__call('readAll', [])
 4 SYSTEMPATH\CodeIgniter.php(932): App\Controllers\SocialMedia->index()
 5 SYSTEMPATH\CodeIgniter.php(497): CodeIgniter\CodeIgniter->runController(Object(App\Controllers\SocialMedia))
 6 SYSTEMPATH\CodeIgniter.php(366): CodeIgniter\CodeIgniter->handleRequest(null, Object(Config\Cache), false)
 7 FCPATH\index.php(67): CodeIgniter\CodeIgniter->run()
