CRITICAL - 2023-06-24 20:26:58 --> The framework needs the following extension(s) installed and loaded: intl, mbstring.
in SYSTEMPATH\CodeIgniter.php on line 226.
 1 SYSTEMPATH\CodeIgniter.php(226): CodeIgniter\Exceptions\FrameworkException::forMissingExtension('intl, mbstring')
 2 SYSTEMPATH\CodeIgniter.php(190): CodeIgniter\CodeIgniter->resolvePlatformExtensions()
 3 ROOTPATH\spark(83): CodeIgniter\CodeIgniter->initialize()
CRITICAL - 2023-06-24 20:45:11 --> Class "social_media_DB" not found
in APPPATH\Controllers\SocialMedia.php on line 11.
 1 SYSTEMPATH\CodeIgniter.php(904): App\Controllers\SocialMedia->__construct()
 2 SYSTEMPATH\CodeIgniter.php(488): CodeIgniter\CodeIgniter->createController()
 3 SYSTEMPATH\CodeIgniter.php(366): CodeIgniter\CodeIgniter->handleRequest(null, Object(Config\Cache), false)
 4 FCPATH\index.php(67): CodeIgniter\CodeIgniter->run()
CRITICAL - 2023-06-24 20:45:44 --> Class "social_media_DB" not found
in APPPATH\Controllers\SocialMedia.php on line 11.
 1 SYSTEMPATH\CodeIgniter.php(904): App\Controllers\SocialMedia->__construct()
 2 SYSTEMPATH\CodeIgniter.php(488): CodeIgniter\CodeIgniter->createController()
 3 SYSTEMPATH\CodeIgniter.php(366): CodeIgniter\CodeIgniter->handleRequest(null, Object(Config\Cache), false)
 4 FCPATH\index.php(67): CodeIgniter\CodeIgniter->run()
CRITICAL - 2023-06-24 20:45:46 --> Class "social_media_DB" not found
in APPPATH\Controllers\SocialMedia.php on line 11.
 1 SYSTEMPATH\CodeIgniter.php(904): App\Controllers\SocialMedia->__construct()
 2 SYSTEMPATH\CodeIgniter.php(488): CodeIgniter\CodeIgniter->createController()
 3 SYSTEMPATH\CodeIgniter.php(366): CodeIgniter\CodeIgniter->handleRequest(null, Object(Config\Cache), false)
 4 FCPATH\index.php(67): CodeIgniter\CodeIgniter->run()
CRITICAL - 2023-06-24 20:45:56 --> Class "social_media_DB" not found
in APPPATH\Controllers\SocialMedia.php on line 11.
 1 SYSTEMPATH\CodeIgniter.php(904): App\Controllers\SocialMedia->__construct()
 2 SYSTEMPATH\CodeIgniter.php(488): CodeIgniter\CodeIgniter->createController()
 3 SYSTEMPATH\CodeIgniter.php(366): CodeIgniter\CodeIgniter->handleRequest(null, Object(Config\Cache), false)
 4 FCPATH\index.php(67): CodeIgniter\CodeIgniter->run()
CRITICAL - 2023-06-24 20:45:59 --> Class "social_media_DB" not found
in APPPATH\Controllers\SocialMedia.php on line 11.
 1 SYSTEMPATH\CodeIgniter.php(904): App\Controllers\SocialMedia->__construct()
 2 SYSTEMPATH\CodeIgniter.php(488): CodeIgniter\CodeIgniter->createController()
 3 SYSTEMPATH\CodeIgniter.php(366): CodeIgniter\CodeIgniter->handleRequest(null, Object(Config\Cache), false)
 4 FCPATH\index.php(67): CodeIgniter\CodeIgniter->run()
CRITICAL - 2023-06-24 20:46:10 --> Constant expression contains invalid operations
in APPPATH\Config\Database.php on line 27.
 1 [internal function]: CodeIgniter\Debug\Exceptions->shutdownHandler()
CRITICAL - 2023-06-24 20:46:24 --> Class "social_media_DB" not found
in APPPATH\Controllers\SocialMedia.php on line 11.
 1 SYSTEMPATH\CodeIgniter.php(904): App\Controllers\SocialMedia->__construct()
 2 SYSTEMPATH\CodeIgniter.php(488): CodeIgniter\CodeIgniter->createController()
 3 SYSTEMPATH\CodeIgniter.php(366): CodeIgniter\CodeIgniter->handleRequest(null, Object(Config\Cache), false)
 4 FCPATH\index.php(67): CodeIgniter\CodeIgniter->run()
CRITICAL - 2023-06-24 20:47:04 --> Class "social_media_DB" not found
in APPPATH\Controllers\SocialMedia.php on line 11.
 1 SYSTEMPATH\CodeIgniter.php(904): App\Controllers\SocialMedia->__construct()
 2 SYSTEMPATH\CodeIgniter.php(488): CodeIgniter\CodeIgniter->createController()
 3 SYSTEMPATH\CodeIgniter.php(366): CodeIgniter\CodeIgniter->handleRequest(null, Object(Config\Cache), false)
 4 FCPATH\index.php(67): CodeIgniter\CodeIgniter->run()
CRITICAL - 2023-06-24 20:48:26 --> Class "social_media_DB" not found
in APPPATH\Controllers\SocialMedia.php on line 11.
 1 SYSTEMPATH\CodeIgniter.php(904): App\Controllers\SocialMedia->__construct()
 2 SYSTEMPATH\CodeIgniter.php(488): CodeIgniter\CodeIgniter->createController()
 3 SYSTEMPATH\CodeIgniter.php(366): CodeIgniter\CodeIgniter->handleRequest(null, Object(Config\Cache), false)
 4 FCPATH\index.php(67): CodeIgniter\CodeIgniter->run()
CRITICAL - 2023-06-24 20:49:37 --> Class "social_media_DB" not found
in APPPATH\Controllers\SocialMedia.php on line 11.
 1 SYSTEMPATH\CodeIgniter.php(904): App\Controllers\SocialMedia->__construct()
 2 SYSTEMPATH\CodeIgniter.php(488): CodeIgniter\CodeIgniter->createController()
 3 SYSTEMPATH\CodeIgniter.php(366): CodeIgniter\CodeIgniter->handleRequest(null, Object(Config\Cache), false)
 4 FCPATH\index.php(67): CodeIgniter\CodeIgniter->run()
CRITICAL - 2023-06-24 20:58:46 --> You must set the database table to be used with your query.
in SYSTEMPATH\Database\BaseConnection.php on line 883.
 1 SYSTEMPATH\Model.php(642): CodeIgniter\Database\BaseConnection->table('')
 2 SYSTEMPATH\Model.php(234): CodeIgniter\Model->builder()
 3 SYSTEMPATH\BaseModel.php(618): CodeIgniter\Model->doFindAll(0, 0)
 4 APPPATH\Models\SocialMediaDB.php(39): CodeIgniter\BaseModel->findAll()
 5 APPPATH\Controllers\SocialMedia.php(15): App\Models\SocialMediaDB->readAll()
 6 SYSTEMPATH\CodeIgniter.php(932): App\Controllers\SocialMedia->index()
 7 SYSTEMPATH\CodeIgniter.php(497): CodeIgniter\CodeIgniter->runController(Object(App\Controllers\SocialMedia))
 8 SYSTEMPATH\CodeIgniter.php(366): CodeIgniter\CodeIgniter->handleRequest(null, Object(Config\Cache), false)
 9 FCPATH\index.php(67): CodeIgniter\CodeIgniter->run()
CRITICAL - 2023-06-24 20:58:48 --> You must set the database table to be used with your query.
in SYSTEMPATH\Database\BaseConnection.php on line 883.
 1 SYSTEMPATH\Model.php(642): CodeIgniter\Database\BaseConnection->table('')
 2 SYSTEMPATH\Model.php(234): CodeIgniter\Model->builder()
 3 SYSTEMPATH\BaseModel.php(618): CodeIgniter\Model->doFindAll(0, 0)
 4 APPPATH\Models\SocialMediaDB.php(39): CodeIgniter\BaseModel->findAll()
 5 APPPATH\Controllers\SocialMedia.php(15): App\Models\SocialMediaDB->readAll()
 6 SYSTEMPATH\CodeIgniter.php(932): App\Controllers\SocialMedia->index()
 7 SYSTEMPATH\CodeIgniter.php(497): CodeIgniter\CodeIgniter->runController(Object(App\Controllers\SocialMedia))
 8 SYSTEMPATH\CodeIgniter.php(366): CodeIgniter\CodeIgniter->handleRequest(null, Object(Config\Cache), false)
 9 FCPATH\index.php(67): CodeIgniter\CodeIgniter->run()
CRITICAL - 2023-06-24 21:03:54 --> Constant expression contains invalid operations
in APPPATH\Config\Database.php on line 27.
 1 [internal function]: CodeIgniter\Debug\Exceptions->shutdownHandler()
CRITICAL - 2023-06-24 21:06:18 --> You have not selected a database type to connect to.
in SYSTEMPATH\Database\Database.php on line 52.
 1 SYSTEMPATH\Database\Config.php(82): CodeIgniter\Database\Database->load([...], 'default')
 2 SYSTEMPATH\Model.php(155): CodeIgniter\Database\Config::connect('default')
 3 APPPATH\Models\SocialMediaDB.php(18): CodeIgniter\Model->__construct()
 4 APPPATH\Controllers\SocialMedia.php(11): App\Models\SocialMediaDB->__construct()
 5 SYSTEMPATH\CodeIgniter.php(904): App\Controllers\SocialMedia->__construct()
 6 SYSTEMPATH\CodeIgniter.php(488): CodeIgniter\CodeIgniter->createController()
 7 SYSTEMPATH\CodeIgniter.php(366): CodeIgniter\CodeIgniter->handleRequest(null, Object(Config\Cache), false)
 8 FCPATH\index.php(67): CodeIgniter\CodeIgniter->run()
CRITICAL - 2023-06-24 21:06:20 --> You have not selected a database type to connect to.
in SYSTEMPATH\Database\Database.php on line 52.
 1 SYSTEMPATH\Database\Config.php(82): CodeIgniter\Database\Database->load([...], 'default')
 2 SYSTEMPATH\Model.php(155): CodeIgniter\Database\Config::connect('default')
 3 APPPATH\Models\SocialMediaDB.php(18): CodeIgniter\Model->__construct()
 4 APPPATH\Controllers\SocialMedia.php(11): App\Models\SocialMediaDB->__construct()
 5 SYSTEMPATH\CodeIgniter.php(904): App\Controllers\SocialMedia->__construct()
 6 SYSTEMPATH\CodeIgniter.php(488): CodeIgniter\CodeIgniter->createController()
 7 SYSTEMPATH\CodeIgniter.php(366): CodeIgniter\CodeIgniter->handleRequest(null, Object(Config\Cache), false)
 8 FCPATH\index.php(67): CodeIgniter\CodeIgniter->run()
CRITICAL - 2023-06-24 21:07:37 --> You have not selected a database type to connect to.
in SYSTEMPATH\Database\Database.php on line 52.
 1 SYSTEMPATH\Database\Config.php(82): CodeIgniter\Database\Database->load([...], 'default')
 2 SYSTEMPATH\Model.php(155): CodeIgniter\Database\Config::connect('default')
 3 APPPATH\Models\SocialMediaDB.php(18): CodeIgniter\Model->__construct()
 4 APPPATH\Controllers\SocialMedia.php(11): App\Models\SocialMediaDB->__construct()
 5 SYSTEMPATH\CodeIgniter.php(904): App\Controllers\SocialMedia->__construct()
 6 SYSTEMPATH\CodeIgniter.php(488): CodeIgniter\CodeIgniter->createController()
 7 SYSTEMPATH\CodeIgniter.php(366): CodeIgniter\CodeIgniter->handleRequest(null, Object(Config\Cache), false)
 8 FCPATH\index.php(67): CodeIgniter\CodeIgniter->run()
CRITICAL - 2023-06-24 21:07:39 --> You have not selected a database type to connect to.
in SYSTEMPATH\Database\Database.php on line 52.
 1 SYSTEMPATH\Database\Config.php(82): CodeIgniter\Database\Database->load([...], 'default')
 2 SYSTEMPATH\Model.php(155): CodeIgniter\Database\Config::connect('default')
 3 APPPATH\Models\SocialMediaDB.php(18): CodeIgniter\Model->__construct()
 4 APPPATH\Controllers\SocialMedia.php(11): App\Models\SocialMediaDB->__construct()
 5 SYSTEMPATH\CodeIgniter.php(904): App\Controllers\SocialMedia->__construct()
 6 SYSTEMPATH\CodeIgniter.php(488): CodeIgniter\CodeIgniter->createController()
 7 SYSTEMPATH\CodeIgniter.php(366): CodeIgniter\CodeIgniter->handleRequest(null, Object(Config\Cache), false)
 8 FCPATH\index.php(67): CodeIgniter\CodeIgniter->run()
