CRITICAL - 2023-06-29 00:20:09 --> Access level to App\Models\SocialMediaDB::$table must be protected (as in class CodeIgniter\Model) or weaker
in APPPATH\Models\SocialMediaDB.php on line 7.
 1 [internal function]: CodeIgniter\Debug\Exceptions->shutdownHandler()
CRITICAL - 2023-06-29 00:20:16 --> Access level to App\Models\SocialMediaDB::$table must be protected (as in class CodeIgniter\Model) or weaker
in APPPATH\Models\SocialMediaDB.php on line 7.
 1 [internal function]: CodeIgniter\Debug\Exceptions->shutdownHandler()
CRITICAL - 2023-06-29 00:20:52 --> Access level to App\Models\SocialMediaDB::$table must be protected (as in class CodeIgniter\Model) or weaker
in APPPATH\Models\SocialMediaDB.php on line 7.
 1 [internal function]: CodeIgniter\Debug\Exceptions->shutdownHandler()
CRITICAL - 2023-06-29 00:21:13 --> Access level to App\Models\SocialMediaDB::$table must be protected (as in class CodeIgniter\Model) or weaker
in APPPATH\Models\SocialMediaDB.php on line 7.
 1 [internal function]: CodeIgniter\Debug\Exceptions->shutdownHandler()
CRITICAL - 2023-06-29 00:21:27 --> Access level to App\Models\SocialMediaDB::$table must be protected (as in class CodeIgniter\Model) or weaker
in APPPATH\Models\SocialMediaDB.php on line 7.
 1 [internal function]: CodeIgniter\Debug\Exceptions->shutdownHandler()
CRITICAL - 2023-06-29 00:21:28 --> Access level to App\Models\SocialMediaDB::$table must be protected (as in class CodeIgniter\Model) or weaker
in APPPATH\Models\SocialMediaDB.php on line 7.
 1 [internal function]: CodeIgniter\Debug\Exceptions->shutdownHandler()
CRITICAL - 2023-06-29 00:21:55 --> Access level to App\Models\SocialMediaDB::$table must be protected (as in class CodeIgniter\Model) or weaker
in APPPATH\Models\SocialMediaDB.php on line 7.
 1 [internal function]: CodeIgniter\Debug\Exceptions->shutdownHandler()
CRITICAL - 2023-06-29 00:21:57 --> Access level to App\Models\SocialMediaDB::$table must be protected (as in class CodeIgniter\Model) or weaker
in APPPATH\Models\SocialMediaDB.php on line 7.
 1 [internal function]: CodeIgniter\Debug\Exceptions->shutdownHandler()
CRITICAL - 2023-06-29 00:22:06 --> Access level to App\Models\SocialMediaDB::$table must be protected (as in class CodeIgniter\Model) or weaker
in APPPATH\Models\SocialMediaDB.php on line 7.
 1 [internal function]: CodeIgniter\Debug\Exceptions->shutdownHandler()
CRITICAL - 2023-06-29 00:22:07 --> Access level to App\Models\SocialMediaDB::$table must be protected (as in class CodeIgniter\Model) or weaker
in APPPATH\Models\SocialMediaDB.php on line 7.
 1 [internal function]: CodeIgniter\Debug\Exceptions->shutdownHandler()
CRITICAL - 2023-06-29 00:22:16 --> Access level to App\Models\SocialMediaDB::$table must be protected (as in class CodeIgniter\Model) or weaker
in APPPATH\Models\SocialMediaDB.php on line 7.
 1 [internal function]: CodeIgniter\Debug\Exceptions->shutdownHandler()
CRITICAL - 2023-06-29 00:22:19 --> Access level to App\Models\SocialMediaDB::$table must be protected (as in class CodeIgniter\Model) or weaker
in APPPATH\Models\SocialMediaDB.php on line 7.
 1 [internal function]: CodeIgniter\Debug\Exceptions->shutdownHandler()
CRITICAL - 2023-06-29 00:22:34 --> Access level to App\Models\SocialMediaDB::$table must be protected (as in class CodeIgniter\Model) or weaker
in APPPATH\Models\SocialMediaDB.php on line 7.
 1 [internal function]: CodeIgniter\Debug\Exceptions->shutdownHandler()
CRITICAL - 2023-06-29 00:22:35 --> Access level to App\Models\SocialMediaDB::$table must be protected (as in class CodeIgniter\Model) or weaker
in APPPATH\Models\SocialMediaDB.php on line 7.
 1 [internal function]: CodeIgniter\Debug\Exceptions->shutdownHandler()
CRITICAL - 2023-06-29 00:23:06 --> Access level to App\Models\SocialMediaDB::$table must be protected (as in class CodeIgniter\Model) or weaker
in APPPATH\Models\SocialMediaDB.php on line 7.
 1 [internal function]: CodeIgniter\Debug\Exceptions->shutdownHandler()
CRITICAL - 2023-06-29 01:19:01 --> Undefined array key "login"
in APPPATH\Controllers\ValidaLogin.php on line 19.
 1 APPPATH\Controllers\ValidaLogin.php(19): CodeIgniter\Debug\Exceptions->errorHandler(2, 'Undefined array key "login"', 'C:\\xampp\\htdocs\\atv_Avaliativa_Final\\CodeIgniter\\app\\Controllers\\ValidaLogin.php', 19)
 2 SYSTEMPATH\CodeIgniter.php(932): App\Controllers\ValidaLogin->index()
 3 SYSTEMPATH\CodeIgniter.php(497): CodeIgniter\CodeIgniter->runController(Object(App\Controllers\ValidaLogin))
 4 SYSTEMPATH\CodeIgniter.php(366): CodeIgniter\CodeIgniter->handleRequest(null, Object(Config\Cache), false)
 5 FCPATH\index.php(67): CodeIgniter\CodeIgniter->run()
CRITICAL - 2023-06-29 01:19:06 --> Undefined array key "login"
in APPPATH\Controllers\ValidaLogin.php on line 19.
 1 APPPATH\Controllers\ValidaLogin.php(19): CodeIgniter\Debug\Exceptions->errorHandler(2, 'Undefined array key "login"', 'C:\\xampp\\htdocs\\atv_Avaliativa_Final\\CodeIgniter\\app\\Controllers\\ValidaLogin.php', 19)
 2 SYSTEMPATH\CodeIgniter.php(932): App\Controllers\ValidaLogin->index()
 3 SYSTEMPATH\CodeIgniter.php(497): CodeIgniter\CodeIgniter->runController(Object(App\Controllers\ValidaLogin))
 4 SYSTEMPATH\CodeIgniter.php(366): CodeIgniter\CodeIgniter->handleRequest(null, Object(Config\Cache), false)
 5 FCPATH\index.php(67): CodeIgniter\CodeIgniter->run()
CRITICAL - 2023-06-29 01:19:29 --> Undefined variable $dados
in APPPATH\Views\home.php on line 418.
 1 APPPATH\Views\home.php(418): CodeIgniter\Debug\Exceptions->errorHandler(2, 'Undefined variable $dados', 'C:\\xampp\\htdocs\\atv_Avaliativa_Final\\CodeIgniter\\app\\Views\\home.php', 418)
 2 SYSTEMPATH\View\View.php(224): include('C:\\xampp\\htdocs\\atv_Avaliativa_Final\\CodeIgniter\\app\\Views\\home.php')
 3 SYSTEMPATH\View\View.php(227): CodeIgniter\View\View->CodeIgniter\View\{closure}()
 4 SYSTEMPATH\Common.php(1180): CodeIgniter\View\View->render('home', [], true)
 5 APPPATH\Controllers\ValidaLogin.php(19): view('home')
 6 SYSTEMPATH\CodeIgniter.php(932): App\Controllers\ValidaLogin->index()
 7 SYSTEMPATH\CodeIgniter.php(497): CodeIgniter\CodeIgniter->runController(Object(App\Controllers\ValidaLogin))
 8 SYSTEMPATH\CodeIgniter.php(366): CodeIgniter\CodeIgniter->handleRequest(null, Object(Config\Cache), false)
 9 FCPATH\index.php(67): CodeIgniter\CodeIgniter->run()
CRITICAL - 2023-06-29 01:19:30 --> Undefined variable $dados
in APPPATH\Views\home.php on line 418.
 1 APPPATH\Views\home.php(418): CodeIgniter\Debug\Exceptions->errorHandler(2, 'Undefined variable $dados', 'C:\\xampp\\htdocs\\atv_Avaliativa_Final\\CodeIgniter\\app\\Views\\home.php', 418)
 2 SYSTEMPATH\View\View.php(224): include('C:\\xampp\\htdocs\\atv_Avaliativa_Final\\CodeIgniter\\app\\Views\\home.php')
 3 SYSTEMPATH\View\View.php(227): CodeIgniter\View\View->CodeIgniter\View\{closure}()
 4 SYSTEMPATH\Common.php(1180): CodeIgniter\View\View->render('home', [], true)
 5 APPPATH\Controllers\ValidaLogin.php(19): view('home')
 6 SYSTEMPATH\CodeIgniter.php(932): App\Controllers\ValidaLogin->index()
 7 SYSTEMPATH\CodeIgniter.php(497): CodeIgniter\CodeIgniter->runController(Object(App\Controllers\ValidaLogin))
 8 SYSTEMPATH\CodeIgniter.php(366): CodeIgniter\CodeIgniter->handleRequest(null, Object(Config\Cache), false)
 9 FCPATH\index.php(67): CodeIgniter\CodeIgniter->run()
CRITICAL - 2023-06-29 01:19:34 --> Undefined variable $dados
in APPPATH\Views\home.php on line 418.
 1 APPPATH\Views\home.php(418): CodeIgniter\Debug\Exceptions->errorHandler(2, 'Undefined variable $dados', 'C:\\xampp\\htdocs\\atv_Avaliativa_Final\\CodeIgniter\\app\\Views\\home.php', 418)
 2 SYSTEMPATH\View\View.php(224): include('C:\\xampp\\htdocs\\atv_Avaliativa_Final\\CodeIgniter\\app\\Views\\home.php')
 3 SYSTEMPATH\View\View.php(227): CodeIgniter\View\View->CodeIgniter\View\{closure}()
 4 SYSTEMPATH\Common.php(1180): CodeIgniter\View\View->render('home', [], true)
 5 APPPATH\Controllers\ValidaLogin.php(19): view('home')
 6 SYSTEMPATH\CodeIgniter.php(932): App\Controllers\ValidaLogin->index()
 7 SYSTEMPATH\CodeIgniter.php(497): CodeIgniter\CodeIgniter->runController(Object(App\Controllers\ValidaLogin))
 8 SYSTEMPATH\CodeIgniter.php(366): CodeIgniter\CodeIgniter->handleRequest(null, Object(Config\Cache), false)
 9 FCPATH\index.php(67): CodeIgniter\CodeIgniter->run()
CRITICAL - 2023-06-29 01:20:47 --> Undefined array key "login"
in APPPATH\Controllers\ValidaLogin.php on line 20.
 1 APPPATH\Controllers\ValidaLogin.php(20): CodeIgniter\Debug\Exceptions->errorHandler(2, 'Undefined array key "login"', 'C:\\xampp\\htdocs\\atv_Avaliativa_Final\\CodeIgniter\\app\\Controllers\\ValidaLogin.php', 20)
 2 SYSTEMPATH\CodeIgniter.php(932): App\Controllers\ValidaLogin->index()
 3 SYSTEMPATH\CodeIgniter.php(497): CodeIgniter\CodeIgniter->runController(Object(App\Controllers\ValidaLogin))
 4 SYSTEMPATH\CodeIgniter.php(366): CodeIgniter\CodeIgniter->handleRequest(null, Object(Config\Cache), false)
 5 FCPATH\index.php(67): CodeIgniter\CodeIgniter->run()
CRITICAL - 2023-06-29 01:21:03 --> Undefined array key "login"
in APPPATH\Controllers\ValidaLogin.php on line 19.
 1 APPPATH\Controllers\ValidaLogin.php(19): CodeIgniter\Debug\Exceptions->errorHandler(2, 'Undefined array key "login"', 'C:\\xampp\\htdocs\\atv_Avaliativa_Final\\CodeIgniter\\app\\Controllers\\ValidaLogin.php', 19)
 2 SYSTEMPATH\CodeIgniter.php(932): App\Controllers\ValidaLogin->index()
 3 SYSTEMPATH\CodeIgniter.php(497): CodeIgniter\CodeIgniter->runController(Object(App\Controllers\ValidaLogin))
 4 SYSTEMPATH\CodeIgniter.php(366): CodeIgniter\CodeIgniter->handleRequest(null, Object(Config\Cache), false)
 5 FCPATH\index.php(67): CodeIgniter\CodeIgniter->run()
CRITICAL - 2023-06-29 01:21:10 --> Undefined variable $login
in APPPATH\Controllers\ValidaLogin.php on line 22.
 1 APPPATH\Controllers\ValidaLogin.php(22): CodeIgniter\Debug\Exceptions->errorHandler(2, 'Undefined variable $login', 'C:\\xampp\\htdocs\\atv_Avaliativa_Final\\CodeIgniter\\app\\Controllers\\ValidaLogin.php', 22)
 2 SYSTEMPATH\CodeIgniter.php(932): App\Controllers\ValidaLogin->index()
 3 SYSTEMPATH\CodeIgniter.php(497): CodeIgniter\CodeIgniter->runController(Object(App\Controllers\ValidaLogin))
 4 SYSTEMPATH\CodeIgniter.php(366): CodeIgniter\CodeIgniter->handleRequest(null, Object(Config\Cache), false)
 5 FCPATH\index.php(67): CodeIgniter\CodeIgniter->run()
CRITICAL - 2023-06-29 01:23:38 --> Undefined array key "login"
in APPPATH\Controllers\ValidaLogin.php on line 19.
 1 APPPATH\Controllers\ValidaLogin.php(19): CodeIgniter\Debug\Exceptions->errorHandler(2, 'Undefined array key "login"', 'C:\\xampp\\htdocs\\atv_Avaliativa_Final\\CodeIgniter\\app\\Controllers\\ValidaLogin.php', 19)
 2 SYSTEMPATH\CodeIgniter.php(932): App\Controllers\ValidaLogin->index()
 3 SYSTEMPATH\CodeIgniter.php(497): CodeIgniter\CodeIgniter->runController(Object(App\Controllers\ValidaLogin))
 4 SYSTEMPATH\CodeIgniter.php(366): CodeIgniter\CodeIgniter->handleRequest(null, Object(Config\Cache), false)
 5 FCPATH\index.php(67): CodeIgniter\CodeIgniter->run()
CRITICAL - 2023-06-29 01:24:12 --> Undefined array key "login"
in APPPATH\Controllers\ValidaLogin.php on line 19.
 1 APPPATH\Controllers\ValidaLogin.php(19): CodeIgniter\Debug\Exceptions->errorHandler(2, 'Undefined array key "login"', 'C:\\xampp\\htdocs\\atv_Avaliativa_Final\\CodeIgniter\\app\\Controllers\\ValidaLogin.php', 19)
 2 SYSTEMPATH\CodeIgniter.php(932): App\Controllers\ValidaLogin->index()
 3 SYSTEMPATH\CodeIgniter.php(497): CodeIgniter\CodeIgniter->runController(Object(App\Controllers\ValidaLogin))
 4 SYSTEMPATH\CodeIgniter.php(366): CodeIgniter\CodeIgniter->handleRequest(null, Object(Config\Cache), false)
 5 FCPATH\index.php(67): CodeIgniter\CodeIgniter->run()
CRITICAL - 2023-06-29 01:26:26 --> compact(): Undefined variable $24
in APPPATH\Controllers\ValidaLogin.php on line 25.
 1 [internal function]: CodeIgniter\Debug\Exceptions->errorHandler(2, 'compact(): Undefined variable $24', 'C:\\xampp\\htdocs\\atv_Avaliativa_Final\\CodeIgniter\\app\\Controllers\\ValidaLogin.php', 25)
 2 APPPATH\Controllers\ValidaLogin.php(25): compact([...])
 3 SYSTEMPATH\CodeIgniter.php(932): App\Controllers\ValidaLogin->index()
 4 SYSTEMPATH\CodeIgniter.php(497): CodeIgniter\CodeIgniter->runController(Object(App\Controllers\ValidaLogin))
 5 SYSTEMPATH\CodeIgniter.php(366): CodeIgniter\CodeIgniter->handleRequest(null, Object(Config\Cache), false)
 6 FCPATH\index.php(67): CodeIgniter\CodeIgniter->run()
CRITICAL - 2023-06-29 01:26:43 --> compact(): Undefined variable $24
in APPPATH\Controllers\ValidaLogin.php on line 25.
 1 [internal function]: CodeIgniter\Debug\Exceptions->errorHandler(2, 'compact(): Undefined variable $24', 'C:\\xampp\\htdocs\\atv_Avaliativa_Final\\CodeIgniter\\app\\Controllers\\ValidaLogin.php', 25)
 2 APPPATH\Controllers\ValidaLogin.php(25): compact([...])
 3 SYSTEMPATH\CodeIgniter.php(932): App\Controllers\ValidaLogin->index()
 4 SYSTEMPATH\CodeIgniter.php(497): CodeIgniter\CodeIgniter->runController(Object(App\Controllers\ValidaLogin))
 5 SYSTEMPATH\CodeIgniter.php(366): CodeIgniter\CodeIgniter->handleRequest(null, Object(Config\Cache), false)
 6 FCPATH\index.php(67): CodeIgniter\CodeIgniter->run()
CRITICAL - 2023-06-29 01:26:59 --> compact(): Undefined variable $24
in APPPATH\Controllers\ValidaLogin.php on line 25.
 1 [internal function]: CodeIgniter\Debug\Exceptions->errorHandler(2, 'compact(): Undefined variable $24', 'C:\\xampp\\htdocs\\atv_Avaliativa_Final\\CodeIgniter\\app\\Controllers\\ValidaLogin.php', 25)
 2 APPPATH\Controllers\ValidaLogin.php(25): compact([...])
 3 SYSTEMPATH\CodeIgniter.php(932): App\Controllers\ValidaLogin->index()
 4 SYSTEMPATH\CodeIgniter.php(497): CodeIgniter\CodeIgniter->runController(Object(App\Controllers\ValidaLogin))
 5 SYSTEMPATH\CodeIgniter.php(366): CodeIgniter\CodeIgniter->handleRequest(null, Object(Config\Cache), false)
 6 FCPATH\index.php(67): CodeIgniter\CodeIgniter->run()
CRITICAL - 2023-06-29 01:29:48 --> compact(): Undefined variable $24
in APPPATH\Controllers\ValidaLogin.php on line 25.
 1 [internal function]: CodeIgniter\Debug\Exceptions->errorHandler(2, 'compact(): Undefined variable $24', 'C:\\xampp\\htdocs\\atv_Avaliativa_Final\\CodeIgniter\\app\\Controllers\\ValidaLogin.php', 25)
 2 APPPATH\Controllers\ValidaLogin.php(25): compact([...])
 3 SYSTEMPATH\CodeIgniter.php(932): App\Controllers\ValidaLogin->index()
 4 SYSTEMPATH\CodeIgniter.php(497): CodeIgniter\CodeIgniter->runController(Object(App\Controllers\ValidaLogin))
 5 SYSTEMPATH\CodeIgniter.php(366): CodeIgniter\CodeIgniter->handleRequest(null, Object(Config\Cache), false)
 6 FCPATH\index.php(67): CodeIgniter\CodeIgniter->run()
CRITICAL - 2023-06-29 01:34:31 --> Undefined array key "login"
in APPPATH\Controllers\ValidaLogin.php on line 19.
 1 APPPATH\Controllers\ValidaLogin.php(19): CodeIgniter\Debug\Exceptions->errorHandler(2, 'Undefined array key "login"', 'C:\\xampp\\htdocs\\atv_Avaliativa_Final\\CodeIgniter\\app\\Controllers\\ValidaLogin.php', 19)
 2 SYSTEMPATH\CodeIgniter.php(932): App\Controllers\ValidaLogin->index()
 3 SYSTEMPATH\CodeIgniter.php(497): CodeIgniter\CodeIgniter->runController(Object(App\Controllers\ValidaLogin))
 4 SYSTEMPATH\CodeIgniter.php(366): CodeIgniter\CodeIgniter->handleRequest(null, Object(Config\Cache), false)
 5 FCPATH\index.php(67): CodeIgniter\CodeIgniter->run()
CRITICAL - 2023-06-29 01:48:52 --> Undefined array key "login"
in APPPATH\Controllers\ValidaLogin.php on line 19.
 1 APPPATH\Controllers\ValidaLogin.php(19): CodeIgniter\Debug\Exceptions->errorHandler(2, 'Undefined array key "login"', 'C:\\xampp\\htdocs\\atv_Avaliativa_Final\\CodeIgniter\\app\\Controllers\\ValidaLogin.php', 19)
 2 SYSTEMPATH\CodeIgniter.php(932): App\Controllers\ValidaLogin->index()
 3 SYSTEMPATH\CodeIgniter.php(497): CodeIgniter\CodeIgniter->runController(Object(App\Controllers\ValidaLogin))
 4 SYSTEMPATH\CodeIgniter.php(366): CodeIgniter\CodeIgniter->handleRequest(null, Object(Config\Cache), false)
 5 FCPATH\index.php(67): CodeIgniter\CodeIgniter->run()
