CRITICAL - 2023-06-26 00:30:43 --> Invalid file: "files.php"
in SYSTEMPATH\Exceptions\FrameworkException.php on line 33.
 1 SYSTEMPATH\View\View.php(212): CodeIgniter\Exceptions\FrameworkException::forInvalidFile('files.php')
 2 SYSTEMPATH\Common.php(1180): CodeIgniter\View\View->render('files', [], true)
 3 APPPATH\Controllers\SocialMedia.php(20): view('files')
 4 SYSTEMPATH\CodeIgniter.php(932): App\Controllers\SocialMedia->load('files', 'style.css')
 5 SYSTEMPATH\CodeIgniter.php(497): CodeIgniter\CodeIgniter->runController(Object(App\Controllers\SocialMedia))
 6 SYSTEMPATH\CodeIgniter.php(366): CodeIgniter\CodeIgniter->handleRequest(null, Object(Config\Cache), false)
 7 FCPATH\index.php(67): CodeIgniter\CodeIgniter->run()
CRITICAL - 2023-06-26 00:30:43 --> Invalid file: "files.php"
in SYSTEMPATH\Exceptions\FrameworkException.php on line 33.
 1 SYSTEMPATH\View\View.php(212): CodeIgniter\Exceptions\FrameworkException::forInvalidFile('files.php')
 2 SYSTEMPATH\Common.php(1180): CodeIgniter\View\View->render('files', [], true)
 3 APPPATH\Controllers\SocialMedia.php(20): view('files')
 4 SYSTEMPATH\CodeIgniter.php(932): App\Controllers\SocialMedia->load('files', 'index.js')
 5 SYSTEMPATH\CodeIgniter.php(497): CodeIgniter\CodeIgniter->runController(Object(App\Controllers\SocialMedia))
 6 SYSTEMPATH\CodeIgniter.php(366): CodeIgniter\CodeIgniter->handleRequest(null, Object(Config\Cache), false)
 7 FCPATH\index.php(67): CodeIgniter\CodeIgniter->run()
CRITICAL - 2023-06-26 00:31:55 --> Invalid file: "files.php"
in SYSTEMPATH\Exceptions\FrameworkException.php on line 33.
 1 SYSTEMPATH\View\View.php(212): CodeIgniter\Exceptions\FrameworkException::forInvalidFile('files.php')
 2 SYSTEMPATH\Common.php(1180): CodeIgniter\View\View->render('files', [], true)
 3 APPPATH\Controllers\SocialMedia.php(20): view('files')
 4 SYSTEMPATH\CodeIgniter.php(932): App\Controllers\SocialMedia->load('files', 'index.js')
 5 SYSTEMPATH\CodeIgniter.php(497): CodeIgniter\CodeIgniter->runController(Object(App\Controllers\SocialMedia))
 6 SYSTEMPATH\CodeIgniter.php(366): CodeIgniter\CodeIgniter->handleRequest(null, Object(Config\Cache), false)
 7 FCPATH\index.php(67): CodeIgniter\CodeIgniter->run()
CRITICAL - 2023-06-26 00:31:55 --> Invalid file: "files.php"
in SYSTEMPATH\Exceptions\FrameworkException.php on line 33.
 1 SYSTEMPATH\View\View.php(212): CodeIgniter\Exceptions\FrameworkException::forInvalidFile('files.php')
 2 SYSTEMPATH\Common.php(1180): CodeIgniter\View\View->render('files', [], true)
 3 APPPATH\Controllers\SocialMedia.php(20): view('files')
 4 SYSTEMPATH\CodeIgniter.php(932): App\Controllers\SocialMedia->load('files', 'style.css')
 5 SYSTEMPATH\CodeIgniter.php(497): CodeIgniter\CodeIgniter->runController(Object(App\Controllers\SocialMedia))
 6 SYSTEMPATH\CodeIgniter.php(366): CodeIgniter\CodeIgniter->handleRequest(null, Object(Config\Cache), false)
 7 FCPATH\index.php(67): CodeIgniter\CodeIgniter->run()
CRITICAL - 2023-06-26 00:32:00 --> Undefined variable $dados
in APPPATH\Views\home.php on line 18.
 1 APPPATH\Views\home.php(18): CodeIgniter\Debug\Exceptions->errorHandler(2, 'Undefined variable $dados', 'C:\\xampp\\htdocs\\atv_Avaliativa_Final\\CodeIgniter\\app\\Views\\home.php', 18)
 2 SYSTEMPATH\View\View.php(224): include('C:\\xampp\\htdocs\\atv_Avaliativa_Final\\CodeIgniter\\app\\Views\\home.php')
 3 SYSTEMPATH\View\View.php(227): CodeIgniter\View\View->CodeIgniter\View\{closure}()
 4 SYSTEMPATH\Common.php(1180): CodeIgniter\View\View->render('Home.php', [], true)
 5 APPPATH\Controllers\SocialMedia.php(20): view('Home.php')
 6 SYSTEMPATH\CodeIgniter.php(932): App\Controllers\SocialMedia->load('Home.php')
 7 SYSTEMPATH\CodeIgniter.php(497): CodeIgniter\CodeIgniter->runController(Object(App\Controllers\SocialMedia))
 8 SYSTEMPATH\CodeIgniter.php(366): CodeIgniter\CodeIgniter->handleRequest(null, Object(Config\Cache), false)
 9 FCPATH\index.php(67): CodeIgniter\CodeIgniter->run()
CRITICAL - 2023-06-26 00:32:30 --> Invalid file: "files.php"
in SYSTEMPATH\Exceptions\FrameworkException.php on line 33.
 1 SYSTEMPATH\View\View.php(212): CodeIgniter\Exceptions\FrameworkException::forInvalidFile('files.php')
 2 SYSTEMPATH\Common.php(1180): CodeIgniter\View\View->render('files', [], true)
 3 APPPATH\Controllers\SocialMedia.php(20): view('files')
 4 SYSTEMPATH\CodeIgniter.php(932): App\Controllers\SocialMedia->load('files', 'style.css')
 5 SYSTEMPATH\CodeIgniter.php(497): CodeIgniter\CodeIgniter->runController(Object(App\Controllers\SocialMedia))
 6 SYSTEMPATH\CodeIgniter.php(366): CodeIgniter\CodeIgniter->handleRequest(null, Object(Config\Cache), false)
 7 FCPATH\index.php(67): CodeIgniter\CodeIgniter->run()
CRITICAL - 2023-06-26 00:32:30 --> Invalid file: "files.php"
in SYSTEMPATH\Exceptions\FrameworkException.php on line 33.
 1 SYSTEMPATH\View\View.php(212): CodeIgniter\Exceptions\FrameworkException::forInvalidFile('files.php')
 2 SYSTEMPATH\Common.php(1180): CodeIgniter\View\View->render('files', [], true)
 3 APPPATH\Controllers\SocialMedia.php(20): view('files')
 4 SYSTEMPATH\CodeIgniter.php(932): App\Controllers\SocialMedia->load('files', 'index.js')
 5 SYSTEMPATH\CodeIgniter.php(497): CodeIgniter\CodeIgniter->runController(Object(App\Controllers\SocialMedia))
 6 SYSTEMPATH\CodeIgniter.php(366): CodeIgniter\CodeIgniter->handleRequest(null, Object(Config\Cache), false)
 7 FCPATH\index.php(67): CodeIgniter\CodeIgniter->run()
CRITICAL - 2023-06-26 00:32:31 --> Invalid file: "files.php"
in SYSTEMPATH\Exceptions\FrameworkException.php on line 33.
 1 SYSTEMPATH\View\View.php(212): CodeIgniter\Exceptions\FrameworkException::forInvalidFile('files.php')
 2 SYSTEMPATH\Common.php(1180): CodeIgniter\View\View->render('files', [], true)
 3 APPPATH\Controllers\SocialMedia.php(20): view('files')
 4 SYSTEMPATH\CodeIgniter.php(932): App\Controllers\SocialMedia->load('files', 'style.css')
 5 SYSTEMPATH\CodeIgniter.php(497): CodeIgniter\CodeIgniter->runController(Object(App\Controllers\SocialMedia))
 6 SYSTEMPATH\CodeIgniter.php(366): CodeIgniter\CodeIgniter->handleRequest(null, Object(Config\Cache), false)
 7 FCPATH\index.php(67): CodeIgniter\CodeIgniter->run()
CRITICAL - 2023-06-26 00:32:31 --> Invalid file: "files.php"
in SYSTEMPATH\Exceptions\FrameworkException.php on line 33.
 1 SYSTEMPATH\View\View.php(212): CodeIgniter\Exceptions\FrameworkException::forInvalidFile('files.php')
 2 SYSTEMPATH\Common.php(1180): CodeIgniter\View\View->render('files', [], true)
 3 APPPATH\Controllers\SocialMedia.php(20): view('files')
 4 SYSTEMPATH\CodeIgniter.php(932): App\Controllers\SocialMedia->load('files', 'index.js')
 5 SYSTEMPATH\CodeIgniter.php(497): CodeIgniter\CodeIgniter->runController(Object(App\Controllers\SocialMedia))
 6 SYSTEMPATH\CodeIgniter.php(366): CodeIgniter\CodeIgniter->handleRequest(null, Object(Config\Cache), false)
 7 FCPATH\index.php(67): CodeIgniter\CodeIgniter->run()
CRITICAL - 2023-06-26 00:32:50 --> Invalid file: "files.php"
in SYSTEMPATH\Exceptions\FrameworkException.php on line 33.
 1 SYSTEMPATH\View\View.php(212): CodeIgniter\Exceptions\FrameworkException::forInvalidFile('files.php')
 2 SYSTEMPATH\Common.php(1180): CodeIgniter\View\View->render('files', [], true)
 3 APPPATH\Controllers\SocialMedia.php(20): view('files')
 4 SYSTEMPATH\CodeIgniter.php(932): App\Controllers\SocialMedia->load('files', 'style.css')
 5 SYSTEMPATH\CodeIgniter.php(497): CodeIgniter\CodeIgniter->runController(Object(App\Controllers\SocialMedia))
 6 SYSTEMPATH\CodeIgniter.php(366): CodeIgniter\CodeIgniter->handleRequest(null, Object(Config\Cache), false)
 7 FCPATH\index.php(67): CodeIgniter\CodeIgniter->run()
CRITICAL - 2023-06-26 00:32:50 --> Invalid file: "files.php"
in SYSTEMPATH\Exceptions\FrameworkException.php on line 33.
 1 SYSTEMPATH\View\View.php(212): CodeIgniter\Exceptions\FrameworkException::forInvalidFile('files.php')
 2 SYSTEMPATH\Common.php(1180): CodeIgniter\View\View->render('files', [], true)
 3 APPPATH\Controllers\SocialMedia.php(20): view('files')
 4 SYSTEMPATH\CodeIgniter.php(932): App\Controllers\SocialMedia->load('files', 'index.js')
 5 SYSTEMPATH\CodeIgniter.php(497): CodeIgniter\CodeIgniter->runController(Object(App\Controllers\SocialMedia))
 6 SYSTEMPATH\CodeIgniter.php(366): CodeIgniter\CodeIgniter->handleRequest(null, Object(Config\Cache), false)
 7 FCPATH\index.php(67): CodeIgniter\CodeIgniter->run()
CRITICAL - 2023-06-26 00:32:51 --> Invalid file: "files.php"
in SYSTEMPATH\Exceptions\FrameworkException.php on line 33.
 1 SYSTEMPATH\View\View.php(212): CodeIgniter\Exceptions\FrameworkException::forInvalidFile('files.php')
 2 SYSTEMPATH\Common.php(1180): CodeIgniter\View\View->render('files', [], true)
 3 APPPATH\Controllers\SocialMedia.php(20): view('files')
 4 SYSTEMPATH\CodeIgniter.php(932): App\Controllers\SocialMedia->load('files', 'style.css')
 5 SYSTEMPATH\CodeIgniter.php(497): CodeIgniter\CodeIgniter->runController(Object(App\Controllers\SocialMedia))
 6 SYSTEMPATH\CodeIgniter.php(366): CodeIgniter\CodeIgniter->handleRequest(null, Object(Config\Cache), false)
 7 FCPATH\index.php(67): CodeIgniter\CodeIgniter->run()
CRITICAL - 2023-06-26 00:32:51 --> Invalid file: "files.php"
in SYSTEMPATH\Exceptions\FrameworkException.php on line 33.
 1 SYSTEMPATH\View\View.php(212): CodeIgniter\Exceptions\FrameworkException::forInvalidFile('files.php')
 2 SYSTEMPATH\Common.php(1180): CodeIgniter\View\View->render('files', [], true)
 3 APPPATH\Controllers\SocialMedia.php(20): view('files')
 4 SYSTEMPATH\CodeIgniter.php(932): App\Controllers\SocialMedia->load('files', 'index.js')
 5 SYSTEMPATH\CodeIgniter.php(497): CodeIgniter\CodeIgniter->runController(Object(App\Controllers\SocialMedia))
 6 SYSTEMPATH\CodeIgniter.php(366): CodeIgniter\CodeIgniter->handleRequest(null, Object(Config\Cache), false)
 7 FCPATH\index.php(67): CodeIgniter\CodeIgniter->run()
CRITICAL - 2023-06-26 00:33:06 --> Invalid file: "files.php"
in SYSTEMPATH\Exceptions\FrameworkException.php on line 33.
 1 SYSTEMPATH\View\View.php(212): CodeIgniter\Exceptions\FrameworkException::forInvalidFile('files.php')
 2 SYSTEMPATH\Common.php(1180): CodeIgniter\View\View->render('files', [], true)
 3 APPPATH\Controllers\SocialMedia.php(20): view('files')
 4 SYSTEMPATH\CodeIgniter.php(932): App\Controllers\SocialMedia->load('files', 'style.css')
 5 SYSTEMPATH\CodeIgniter.php(497): CodeIgniter\CodeIgniter->runController(Object(App\Controllers\SocialMedia))
 6 SYSTEMPATH\CodeIgniter.php(366): CodeIgniter\CodeIgniter->handleRequest(null, Object(Config\Cache), false)
 7 FCPATH\index.php(67): CodeIgniter\CodeIgniter->run()
CRITICAL - 2023-06-26 00:33:06 --> Invalid file: "files.php"
in SYSTEMPATH\Exceptions\FrameworkException.php on line 33.
 1 SYSTEMPATH\View\View.php(212): CodeIgniter\Exceptions\FrameworkException::forInvalidFile('files.php')
 2 SYSTEMPATH\Common.php(1180): CodeIgniter\View\View->render('files', [], true)
 3 APPPATH\Controllers\SocialMedia.php(20): view('files')
 4 SYSTEMPATH\CodeIgniter.php(932): App\Controllers\SocialMedia->load('files', 'index.js')
 5 SYSTEMPATH\CodeIgniter.php(497): CodeIgniter\CodeIgniter->runController(Object(App\Controllers\SocialMedia))
 6 SYSTEMPATH\CodeIgniter.php(366): CodeIgniter\CodeIgniter->handleRequest(null, Object(Config\Cache), false)
 7 FCPATH\index.php(67): CodeIgniter\CodeIgniter->run()
CRITICAL - 2023-06-26 00:33:22 --> Invalid file: "files.php"
in SYSTEMPATH\Exceptions\FrameworkException.php on line 33.
 1 SYSTEMPATH\View\View.php(212): CodeIgniter\Exceptions\FrameworkException::forInvalidFile('files.php')
 2 SYSTEMPATH\Common.php(1180): CodeIgniter\View\View->render('files', [], true)
 3 APPPATH\Controllers\SocialMedia.php(20): view('files')
 4 SYSTEMPATH\CodeIgniter.php(932): App\Controllers\SocialMedia->load('files', 'index.js')
 5 SYSTEMPATH\CodeIgniter.php(497): CodeIgniter\CodeIgniter->runController(Object(App\Controllers\SocialMedia))
 6 SYSTEMPATH\CodeIgniter.php(366): CodeIgniter\CodeIgniter->handleRequest(null, Object(Config\Cache), false)
 7 FCPATH\index.php(67): CodeIgniter\CodeIgniter->run()
CRITICAL - 2023-06-26 00:33:22 --> Invalid file: "files.php"
in SYSTEMPATH\Exceptions\FrameworkException.php on line 33.
 1 SYSTEMPATH\View\View.php(212): CodeIgniter\Exceptions\FrameworkException::forInvalidFile('files.php')
 2 SYSTEMPATH\Common.php(1180): CodeIgniter\View\View->render('files', [], true)
 3 APPPATH\Controllers\SocialMedia.php(20): view('files')
 4 SYSTEMPATH\CodeIgniter.php(932): App\Controllers\SocialMedia->load('files', 'style.css')
 5 SYSTEMPATH\CodeIgniter.php(497): CodeIgniter\CodeIgniter->runController(Object(App\Controllers\SocialMedia))
 6 SYSTEMPATH\CodeIgniter.php(366): CodeIgniter\CodeIgniter->handleRequest(null, Object(Config\Cache), false)
 7 FCPATH\index.php(67): CodeIgniter\CodeIgniter->run()
CRITICAL - 2023-06-26 00:33:50 --> Invalid file: "files.php"
in SYSTEMPATH\Exceptions\FrameworkException.php on line 33.
 1 SYSTEMPATH\View\View.php(212): CodeIgniter\Exceptions\FrameworkException::forInvalidFile('files.php')
 2 SYSTEMPATH\Common.php(1180): CodeIgniter\View\View->render('files', [], true)
 3 APPPATH\Controllers\SocialMedia.php(20): view('files')
 4 SYSTEMPATH\CodeIgniter.php(932): App\Controllers\SocialMedia->load('files', 'style.css')
 5 SYSTEMPATH\CodeIgniter.php(497): CodeIgniter\CodeIgniter->runController(Object(App\Controllers\SocialMedia))
 6 SYSTEMPATH\CodeIgniter.php(366): CodeIgniter\CodeIgniter->handleRequest(null, Object(Config\Cache), false)
 7 FCPATH\index.php(67): CodeIgniter\CodeIgniter->run()
CRITICAL - 2023-06-26 00:33:50 --> Invalid file: "files.php"
in SYSTEMPATH\Exceptions\FrameworkException.php on line 33.
 1 SYSTEMPATH\View\View.php(212): CodeIgniter\Exceptions\FrameworkException::forInvalidFile('files.php')
 2 SYSTEMPATH\Common.php(1180): CodeIgniter\View\View->render('files', [], true)
 3 APPPATH\Controllers\SocialMedia.php(20): view('files')
 4 SYSTEMPATH\CodeIgniter.php(932): App\Controllers\SocialMedia->load('files', 'index.js')
 5 SYSTEMPATH\CodeIgniter.php(497): CodeIgniter\CodeIgniter->runController(Object(App\Controllers\SocialMedia))
 6 SYSTEMPATH\CodeIgniter.php(366): CodeIgniter\CodeIgniter->handleRequest(null, Object(Config\Cache), false)
 7 FCPATH\index.php(67): CodeIgniter\CodeIgniter->run()
CRITICAL - 2023-06-26 00:34:02 --> Invalid file: "files.php"
in SYSTEMPATH\Exceptions\FrameworkException.php on line 33.
 1 SYSTEMPATH\View\View.php(212): CodeIgniter\Exceptions\FrameworkException::forInvalidFile('files.php')
 2 SYSTEMPATH\Common.php(1180): CodeIgniter\View\View->render('files', [], true)
 3 APPPATH\Controllers\SocialMedia.php(20): view('files')
 4 SYSTEMPATH\CodeIgniter.php(932): App\Controllers\SocialMedia->load('files', 'style.css')
 5 SYSTEMPATH\CodeIgniter.php(497): CodeIgniter\CodeIgniter->runController(Object(App\Controllers\SocialMedia))
 6 SYSTEMPATH\CodeIgniter.php(366): CodeIgniter\CodeIgniter->handleRequest(null, Object(Config\Cache), false)
 7 FCPATH\index.php(67): CodeIgniter\CodeIgniter->run()
CRITICAL - 2023-06-26 00:34:02 --> Invalid file: "files.php"
in SYSTEMPATH\Exceptions\FrameworkException.php on line 33.
 1 SYSTEMPATH\View\View.php(212): CodeIgniter\Exceptions\FrameworkException::forInvalidFile('files.php')
 2 SYSTEMPATH\Common.php(1180): CodeIgniter\View\View->render('files', [], true)
 3 APPPATH\Controllers\SocialMedia.php(20): view('files')
 4 SYSTEMPATH\CodeIgniter.php(932): App\Controllers\SocialMedia->load('files', 'index.js')
 5 SYSTEMPATH\CodeIgniter.php(497): CodeIgniter\CodeIgniter->runController(Object(App\Controllers\SocialMedia))
 6 SYSTEMPATH\CodeIgniter.php(366): CodeIgniter\CodeIgniter->handleRequest(null, Object(Config\Cache), false)
 7 FCPATH\index.php(67): CodeIgniter\CodeIgniter->run()
CRITICAL - 2023-06-26 00:38:19 --> Invalid file: "load.php"
in SYSTEMPATH\Exceptions\FrameworkException.php on line 33.
 1 SYSTEMPATH\View\View.php(212): CodeIgniter\Exceptions\FrameworkException::forInvalidFile('load.php')
 2 SYSTEMPATH\Common.php(1180): CodeIgniter\View\View->render('load', [], true)
 3 APPPATH\Controllers\SocialMedia.php(20): view('load')
 4 SYSTEMPATH\CodeIgniter.php(932): App\Controllers\SocialMedia->load('load', 'cadastrar')
 5 SYSTEMPATH\CodeIgniter.php(497): CodeIgniter\CodeIgniter->runController(Object(App\Controllers\SocialMedia))
 6 SYSTEMPATH\CodeIgniter.php(366): CodeIgniter\CodeIgniter->handleRequest(null, Object(Config\Cache), false)
 7 FCPATH\index.php(67): CodeIgniter\CodeIgniter->run()
CRITICAL - 2023-06-26 00:40:25 --> Invalid file: "load.php"
in SYSTEMPATH\Exceptions\FrameworkException.php on line 33.
 1 SYSTEMPATH\View\View.php(212): CodeIgniter\Exceptions\FrameworkException::forInvalidFile('load.php')
 2 SYSTEMPATH\Common.php(1180): CodeIgniter\View\View->render('load', [], true)
 3 APPPATH\Controllers\SocialMedia.php(20): view('load')
 4 SYSTEMPATH\CodeIgniter.php(932): App\Controllers\SocialMedia->load('load', 'cadastrar')
 5 SYSTEMPATH\CodeIgniter.php(497): CodeIgniter\CodeIgniter->runController(Object(App\Controllers\SocialMedia))
 6 SYSTEMPATH\CodeIgniter.php(366): CodeIgniter\CodeIgniter->handleRequest(null, Object(Config\Cache), false)
 7 FCPATH\index.php(67): CodeIgniter\CodeIgniter->run()
CRITICAL - 2023-06-26 00:42:06 --> Invalid file: "load.php"
in SYSTEMPATH\Exceptions\FrameworkException.php on line 33.
 1 SYSTEMPATH\View\View.php(212): CodeIgniter\Exceptions\FrameworkException::forInvalidFile('load.php')
 2 SYSTEMPATH\Common.php(1180): CodeIgniter\View\View->render('load', [], true)
 3 APPPATH\Controllers\SocialMedia.php(20): view('load')
 4 SYSTEMPATH\CodeIgniter.php(932): App\Controllers\SocialMedia->load('load', 'cadastrar')
 5 SYSTEMPATH\CodeIgniter.php(497): CodeIgniter\CodeIgniter->runController(Object(App\Controllers\SocialMedia))
 6 SYSTEMPATH\CodeIgniter.php(366): CodeIgniter\CodeIgniter->handleRequest(null, Object(Config\Cache), false)
 7 FCPATH\index.php(67): CodeIgniter\CodeIgniter->run()
CRITICAL - 2023-06-26 00:45:49 --> Invalid file: "files.php"
in SYSTEMPATH\Exceptions\FrameworkException.php on line 33.
 1 SYSTEMPATH\View\View.php(212): CodeIgniter\Exceptions\FrameworkException::forInvalidFile('files.php')
 2 SYSTEMPATH\Common.php(1180): CodeIgniter\View\View->render('files', [], true)
 3 APPPATH\Controllers\SocialMedia.php(20): view('files')
 4 SYSTEMPATH\CodeIgniter.php(932): App\Controllers\SocialMedia->load('files', 'style.css')
 5 SYSTEMPATH\CodeIgniter.php(497): CodeIgniter\CodeIgniter->runController(Object(App\Controllers\SocialMedia))
 6 SYSTEMPATH\CodeIgniter.php(366): CodeIgniter\CodeIgniter->handleRequest(null, Object(Config\Cache), false)
 7 FCPATH\index.php(67): CodeIgniter\CodeIgniter->run()
CRITICAL - 2023-06-26 00:45:49 --> Invalid file: "files.php"
in SYSTEMPATH\Exceptions\FrameworkException.php on line 33.
 1 SYSTEMPATH\View\View.php(212): CodeIgniter\Exceptions\FrameworkException::forInvalidFile('files.php')
 2 SYSTEMPATH\Common.php(1180): CodeIgniter\View\View->render('files', [], true)
 3 APPPATH\Controllers\SocialMedia.php(20): view('files')
 4 SYSTEMPATH\CodeIgniter.php(932): App\Controllers\SocialMedia->load('files', 'index.js')
 5 SYSTEMPATH\CodeIgniter.php(497): CodeIgniter\CodeIgniter->runController(Object(App\Controllers\SocialMedia))
 6 SYSTEMPATH\CodeIgniter.php(366): CodeIgniter\CodeIgniter->handleRequest(null, Object(Config\Cache), false)
 7 FCPATH\index.php(67): CodeIgniter\CodeIgniter->run()
