ERROR - 2023-07-09 02:27:17 --> mysqli_sql_exception: Duplicate entry '2' for key 'PRIMARY' in C:\xampp\htdocs\atv_Avaliativa_Final\CodeIgniter\system\Database\MySQLi\Connection.php:295
Stack trace:
#0 C:\xampp\htdocs\atv_Avaliativa_Final\CodeIgniter\system\Database\MySQLi\Connection.php(295): mysqli->query('INSERT INTO `po...', 0)
#1 C:\xampp\htdocs\atv_Avaliativa_Final\CodeIgniter\system\Database\BaseConnection.php(692): CodeIgniter\Database\MySQLi\Connection->execute('INSERT INTO `po...')
#2 C:\xampp\htdocs\atv_Avaliativa_Final\CodeIgniter\system\Database\BaseConnection.php(606): CodeIgniter\Database\BaseConnection->simpleQuery('INSERT INTO `po...')
#3 C:\xampp\htdocs\atv_Avaliativa_Final\CodeIgniter\system\Database\BaseBuilder.php(2309): CodeIgniter\Database\BaseConnection->query('INSERT INTO `po...', Array, false)
#4 C:\xampp\htdocs\atv_Avaliativa_Final\CodeIgniter\app\Models\SocialMediaDB.php(53): CodeIgniter\Database\BaseBuilder->insert(Array)
#5 C:\xampp\htdocs\atv_Avaliativa_Final\CodeIgniter\app\Controllers\SocialMedia.php(90): App\Models\SocialMediaDB->insert_data(Array)
#6 C:\xampp\htdocs\atv_Avaliativa_Final\CodeIgniter\system\CodeIgniter.php(932): App\Controllers\SocialMedia->editarPost()
#7 C:\xampp\htdocs\atv_Avaliativa_Final\CodeIgniter\system\CodeIgniter.php(497): CodeIgniter\CodeIgniter->runController(Object(App\Controllers\SocialMedia))
#8 C:\xampp\htdocs\atv_Avaliativa_Final\CodeIgniter\system\CodeIgniter.php(366): CodeIgniter\CodeIgniter->handleRequest(NULL, Object(Config\Cache), false)
#9 C:\xampp\htdocs\atv_Avaliativa_Final\CodeIgniter\public\index.php(67): CodeIgniter\CodeIgniter->run()
#10 {main}
CRITICAL - 2023-07-09 02:27:17 --> Duplicate entry '2' for key 'PRIMARY'
in SYSTEMPATH\Database\MySQLi\Connection.php on line 295.
 1 SYSTEMPATH\Database\MySQLi\Connection.php(295): mysqli->query('INSERT INTO `post` (`id`, `mensagem`, `data_alteracao`) VALUES (\'2\', \'teste\', \'2023-07-09 02:27:17\')', 0)
 2 SYSTEMPATH\Database\BaseConnection.php(692): CodeIgniter\Database\MySQLi\Connection->execute('INSERT INTO `post` (`id`, `mensagem`, `data_alteracao`) VALUES (\'2\', \'teste\', \'2023-07-09 02:27:17\')')
 3 SYSTEMPATH\Database\BaseConnection.php(606): CodeIgniter\Database\BaseConnection->simpleQuery('INSERT INTO `post` (`id`, `mensagem`, `data_alteracao`) VALUES (\'2\', \'teste\', \'2023-07-09 02:27:17\')')
 4 SYSTEMPATH\Database\BaseBuilder.php(2309): CodeIgniter\Database\BaseConnection->query('INSERT INTO `post` (`id`, `mensagem`, `data_alteracao`) VALUES (:id:, :mensagem:, :data_alteracao:)', [...], false)
 5 APPPATH\Models\SocialMediaDB.php(53): CodeIgniter\Database\BaseBuilder->insert([...])
 6 APPPATH\Controllers\SocialMedia.php(90): App\Models\SocialMediaDB->insert_data([...])
 7 SYSTEMPATH\CodeIgniter.php(932): App\Controllers\SocialMedia->editarPost()
 8 SYSTEMPATH\CodeIgniter.php(497): CodeIgniter\CodeIgniter->runController(Object(App\Controllers\SocialMedia))
 9 SYSTEMPATH\CodeIgniter.php(366): CodeIgniter\CodeIgniter->handleRequest(null, Object(Config\Cache), false)
10 FCPATH\index.php(67): CodeIgniter\CodeIgniter->run()
