CRITICAL - 2023-06-19 22:50:36 --> The framework needs the following extension(s) installed and loaded: intl, mbstring.
in SYSTEMPATH\CodeIgniter.php on line 226.
 1 SYSTEMPATH\CodeIgniter.php(226): CodeIgniter\Exceptions\FrameworkException::forMissingExtension('intl, mbstring')
 2 SYSTEMPATH\CodeIgniter.php(190): CodeIgniter\CodeIgniter->resolvePlatformExtensions()
 3 FCPATH\index.php(55): CodeIgniter\CodeIgniter->initialize()
CRITICAL - 2023-06-19 22:54:48 --> The framework needs the following extension(s) installed and loaded: intl, mbstring.
in SYSTEMPATH\CodeIgniter.php on line 226.
 1 SYSTEMPATH\CodeIgniter.php(226): CodeIgniter\Exceptions\FrameworkException::forMissingExtension('intl, mbstring')
 2 SYSTEMPATH\CodeIgniter.php(190): CodeIgniter\CodeIgniter->resolvePlatformExtensions()
 3 ROOTPATH\spark(83): CodeIgniter\CodeIgniter->initialize()
CRITICAL - 2023-06-19 22:54:48 --> Uncaught Error: Call to undefined function CodeIgniter\CLI\mb_strpos() in C:\Users\duggs\OneDrive\Área de Trabalho\Programação\Engenharia de Software\2023A\Desenvolvimento de Aplicações Web\Trabalhos\Atividade Avaliativa Final\framework-4.3.6\framework-4.3.6\system\CLI\CLI.php:872
Stack trace:
#0 C:\Users\duggs\OneDrive\Área de Trabalho\Programação\Engenharia de Software\2023A\Desenvolvimento de Aplicações Web\Trabalhos\Atividade Avaliativa Final\framework-4.3.6\framework-4.3.6\system\CLI\CLI.php(161): CodeIgniter\CLI\CLI::parseCommandLine()
#1 C:\Users\duggs\OneDrive\Área de Trabalho\Programação\Engenharia de Software\2023A\Desenvolvimento de Aplicações Web\Trabalhos\Atividade Avaliativa Final\framework-4.3.6\framework-4.3.6\system\CLI\CLI.php(1115): CodeIgniter\CLI\CLI::init()
#2 C:\Users\duggs\OneDrive\Área de Trabalho\Programação\Engenharia de Software\2023A\Desenvolvimento de Aplicações Web\Trabalhos\Atividade Avaliativa Final\framework-4.3.6\framework-4.3.6\system\Autoloader\Autoloader.php(312): include_once('C:\\Users\\duggs\\...')
#3 C:\Users\duggs\OneDrive\Área de Trabalho\Programação\Engenharia de Software\2023A\Desenvolvimento de Aplicações Web\Trabalhos\Atividade Avaliativa Final\framework-4.3.6\framework-4.3.6\system\Autoloader\Autoloader.php(289): CodeIgniter\Autoloader\Autoloader->includeFile('C:\\Users\\duggs\\...')
#4 C:\Users\duggs\OneDrive\Área de Trabalho\Programação\Engenharia de Software\2023A\Desenvolvimento de Aplicações Web\Trabalhos\Atividade Avaliativa Final\framework-4.3.6\framework-4.3.6\system\Autoloader\Autoloader.php(267): CodeIgniter\Autoloader\Autoloader->loadInNamespace('CodeIgniter\\CLI...')
#5 C:\Users\duggs\OneDrive\Área de Trabalho\Programação\Engenharia de Software\2023A\Desenvolvimento de Aplicações Web\Trabalhos\Atividade Avaliativa Final\framework-4.3.6\framework-4.3.6\app\Views\errors\cli\error_exception.php(6): CodeIgniter\Autoloader\Autoloader->loadClass('CodeIgniter\\CLI...')
#6 C:\Users\duggs\OneDrive\Área de Trabalho\Programação\Engenharia de Software\2023A\Desenvolvimento de Aplicações Web\Trabalhos\Atividade Avaliativa Final\framework-4.3.6\framework-4.3.6\app\Views\errors\cli\production.php(5): include('C:\\Users\\duggs\\...')
#7 C:\Users\duggs\OneDrive\Área de Trabalho\Programação\Engenharia de Software\2023A\Desenvolvimento de Aplicações Web\Trabalhos\Atividade Avaliativa Final\framework-4.3.6\framework-4.3.6\system\Debug\Exceptions.php(282): include('C:\\Users\\duggs\\...')
#8 C:\Users\duggs\OneDrive\Área de Trabalho\Programação\Engenharia de Software\2023A\Desenvolvimento de Aplicações Web\Trabalhos\Atividade Avaliativa Final\framework-4.3.6\framework-4.3.6\system\Debug\Exceptions.php(285): CodeIgniter\Debug\Exceptions->CodeIgniter\Debug\{closure}()
#9 C:\Users\duggs\OneDrive\Área de Trabalho\Programação\Engenharia de Software\2023A\Desenvolvimento de Aplicações Web\Trabalhos\Atividade Avaliativa Final\framework-4.3.6\framework-4.3.6\system\Debug\Exceptions.php(156): CodeIgniter\Debug\Exceptions->render(Object(CodeIgniter\Exceptions\FrameworkException), 500)
#10 [internal function]: CodeIgniter\Debug\Exceptions->exceptionHandler(Object(CodeIgniter\Exceptions\FrameworkException))
#11 {main}
  thrown
【Previous Exception】
CodeIgniter\Exceptions\FrameworkException
The framework needs the following extension(s) installed and loaded: intl, mbstring.
#0 C:\Users\duggs\OneDrive\Área de Trabalho\Programação\Engenharia de Software\2023A\Desenvolvimento de Aplicações Web\Trabalhos\Atividade Avaliativa Final\framework-4.3.6\framework-4.3.6\system\CodeIgniter.php(226): CodeIgniter\Exceptions\FrameworkException::forMissingExtension('intl, mbstring')
#1 C:\Users\duggs\OneDrive\Área de Trabalho\Programação\Engenharia de Software\2023A\Desenvolvimento de Aplicações Web\Trabalhos\Atividade Avaliativa Final\framework-4.3.6\framework-4.3.6\system\CodeIgniter.php(190): CodeIgniter\CodeIgniter->resolvePlatformExtensions()
#2 C:\Users\duggs\OneDrive\Área de Trabalho\Programação\Engenharia de Software\2023A\Desenvolvimento de Aplicações Web\Trabalhos\Atividade Avaliativa Final\framework-4.3.6\framework-4.3.6\spark(83): CodeIgniter\CodeIgniter->initialize()
#3 {main}
in SYSTEMPATH\CLI\CLI.php on line 872.
 1 [internal function]: CodeIgniter\Debug\Exceptions->shutdownHandler()
CRITICAL - 2023-06-19 22:55:13 --> The framework needs the following extension(s) installed and loaded: intl, mbstring.
in SYSTEMPATH\CodeIgniter.php on line 226.
 1 SYSTEMPATH\CodeIgniter.php(226): CodeIgniter\Exceptions\FrameworkException::forMissingExtension('intl, mbstring')
 2 SYSTEMPATH\CodeIgniter.php(190): CodeIgniter\CodeIgniter->resolvePlatformExtensions()
 3 FCPATH\index.php(55): CodeIgniter\CodeIgniter->initialize()
